Using pre-set license
Built from '2020.3/staging' branch; Version is '2020.3.11f1 (99c7afb366b3) revision 10078127'; Using compiler version '192528614'; Build Type 'Release'
OS: 'Windows 10 Home; OS build 19042.1052; Version 2009; 64bit' Language: 'fr' Physical Memory: 16169 MB
BatchMode: 1, IsHumanControllingUs: 0, StartBugReporterOnCrash: 0, Is64bit: 1, IsPro: 0

 COMMAND LINE ARGUMENTS:
C:\Program Files\Unity\Hub\Editor\2020.3.11f1\Editor\Unity.exe
-adb2
-batchMode
-noUpm
-name
AssetImportWorker0
-projectPath
C:/GameJam/Projet/ColoniesCrisis/Colonies
-logFile
Logs/AssetImportWorker0.log
-srvPort
63263
Successfully changed project path to: C:/GameJam/Projet/ColoniesCrisis/Colonies
C:/GameJam/Projet/ColoniesCrisis/Colonies
Using Asset Import Pipeline V2.
Refreshing native plugins compatible for Editor in 49.06 ms, found 2 plugins.
Preloading 0 native plugins for Editor in 0.00 ms.
Initialize engine version: 2020.3.11f1 (99c7afb366b3)
[Subsystems] Discovering subsystems at path C:/Program Files/Unity/Hub/Editor/2020.3.11f1/Editor/Data/Resources/UnitySubsystems
[Subsystems] Discovering subsystems at path C:/GameJam/Projet/ColoniesCrisis/Colonies/Assets
GfxDevice: creating device client; threaded=0
Direct3D:
    Version:  Direct3D 11.0 [level 11.1]
    Renderer: NVIDIA GeForce RTX 2060 (ID=0x1f15)
    Vendor:   
    VRAM:     5980 MB
    Driver:   27.21.14.6647
Shader 'Universal Render Pipeline/Particles/Lit': fallback shader 'Universal Render Pipeline/Particles/SimpleLit' not found
Initialize mono
Mono path[0] = 'C:/Program Files/Unity/Hub/Editor/2020.3.11f1/Editor/Data/Managed'
Mono path[1] = 'C:/Program Files/Unity/Hub/Editor/2020.3.11f1/Editor/Data/MonoBleedingEdge/lib/mono/unityjit'
Mono config path = 'C:/Program Files/Unity/Hub/Editor/2020.3.11f1/Editor/Data/MonoBleedingEdge/etc'
Using monoOptions --debugger-agent=transport=dt_socket,embedding=1,server=y,suspend=n,address=127.0.0.1:56416
Begin MonoManager ReloadAssembly
Registering precompiled unity dll's ...
Register platform support module: C:/Program Files/Unity/Hub/Editor/2020.3.11f1/Editor/Data/PlaybackEngines/WindowsStandaloneSupport/UnityEditor.WindowsStandalone.Extensions.dll
Registered in 0.001924 seconds.
Native extension for WindowsStandalone target not found
Refreshing native plugins compatible for Editor in 50.12 ms, found 2 plugins.
Preloading 0 native plugins for Editor in 0.00 ms.
Mono: successfully reloaded assembly
- Completed reload, in  1.110 seconds
Platform modules already initialized, skipping
Registering precompiled user dll's ...
Registered in 0.005245 seconds.
Begin MonoManager ReloadAssembly
Native extension for WindowsStandalone target not found
Refreshing native plugins compatible for Editor in 50.17 ms, found 2 plugins.
Preloading 0 native plugins for Editor in 0.00 ms.
Mono: successfully reloaded assembly
- Completed reload, in  1.137 seconds
Platform modules already initialized, skipping
========================================================================
Worker process is ready to serve import requests
Shader 'Universal Render Pipeline/Particles/Lit': fallback shader 'Universal Render Pipeline/Particles/SimpleLit' not found
Launched and connected shader compiler UnityShaderCompiler.exe after 0.05 seconds
Refreshing native plugins compatible for Editor in 0.52 ms, found 2 plugins.
Preloading 0 native plugins for Editor in 0.00 ms.
Unloading 2724 Unused Serialized files (Serialized files now loaded: 0)
System memory in use before: 125.8 MB.
System memory in use after: 125.9 MB.

Unloading 19 unused Assets to reduce memory usage. Loaded Objects now: 3165.
Total: 2.531700 ms (FindLiveObjects: 0.266000 ms CreateObjectMapping: 0.141600 ms MarkObjects: 2.055800 ms  DeleteObjects: 0.067500 ms)

========================================================================
Received Import Request.
  path: Assets
  artifactKey: Guid(00000000000000001000000000000000) Importer(815301076,1909f56bfc062723c751e8b465ee728b)
Start importing Assets using Guid(00000000000000001000000000000000) Importer(815301076,1909f56bfc062723c751e8b465ee728b)  -> (artifact id: '42d402b061de3733987d63b9cc3b64de') in 0.011706 seconds
  Import took 0.016146 seconds .

========================================================================
Received Import Request.
  Time since last request: 29.155451 seconds.
  path: Assets/Image
  artifactKey: Guid(a8a7413e4b97c6e478d978b9aa9a682a) Importer(815301076,1909f56bfc062723c751e8b465ee728b)
Start importing Assets/Image using Guid(a8a7413e4b97c6e478d978b9aa9a682a) Importer(815301076,1909f56bfc062723c751e8b465ee728b)  -> (artifact id: '4b4ac96b215afc3a2792f10af5b1a558') in 0.008118 seconds
  Import took 0.014624 seconds .

========================================================================
Received Import Request.
  Time since last request: 11.069602 seconds.
  path: Assets/Image/yukipon140100012tt.jpg
  artifactKey: Guid(db66cdaa73b032b43b1620302e724e7c) Importer(815301076,1909f56bfc062723c751e8b465ee728b)
Start importing Assets/Image/yukipon140100012tt.jpg using Guid(db66cdaa73b032b43b1620302e724e7c) Importer(815301076,1909f56bfc062723c751e8b465ee728b)  -> (artifact id: '21f3e71c294c704384a47c4244440201') in 0.067021 seconds
  Import took 0.071318 seconds .

========================================================================
Received Import Request.
  Time since last request: 15.806885 seconds.
  path: Assets/Dowloads/Vast Outer Space/Materials/Asteroid_A.mat
  artifactKey: Guid(2ab70d44e5d7dd44290aeaf27fe1d7f5) Importer(815301076,1909f56bfc062723c751e8b465ee728b)
Start importing Assets/Dowloads/Vast Outer Space/Materials/Asteroid_A.mat using Guid(2ab70d44e5d7dd44290aeaf27fe1d7f5) Importer(815301076,1909f56bfc062723c751e8b465ee728b)  -> (artifact id: '4a088c7aa1235d40ef9b6da97257d334') in 0.202359 seconds
  Import took 0.207466 seconds .

========================================================================
Received Import Request.
  Time since last request: 0.000202 seconds.
  path: Assets/Dowloads/Vast Outer Space/Materials/Galaxy_C.mat
  artifactKey: Guid(d183597259be88c40831b9caa4fc2f5b) Importer(815301076,1909f56bfc062723c751e8b465ee728b)
Start importing Assets/Dowloads/Vast Outer Space/Materials/Galaxy_C.mat using Guid(d183597259be88c40831b9caa4fc2f5b) Importer(815301076,1909f56bfc062723c751e8b465ee728b)  -> (artifact id: '08d900cb772e5f76942de8826dde97ca') in 0.036199 seconds
  Import took 0.041135 seconds .

========================================================================
Received Import Request.
  Time since last request: 0.000270 seconds.
  path: Assets/Dowloads/Vast Outer Space/Materials/Galaxy_A.mat
  artifactKey: Guid(019b12f362f334242b27869d2af226dc) Importer(815301076,1909f56bfc062723c751e8b465ee728b)
Start importing Assets/Dowloads/Vast Outer Space/Materials/Galaxy_A.mat using Guid(019b12f362f334242b27869d2af226dc) Importer(815301076,1909f56bfc062723c751e8b465ee728b)  -> (artifact id: '4ab2a73f98719cdee8871cd9971090ad') in 0.032992 seconds
  Import took 0.037570 seconds .

========================================================================
Received Import Request.
  Time since last request: 0.000303 seconds.
  path: Assets/Dowloads/Vast Outer Space/Materials/Galaxy_B.mat
  artifactKey: Guid(f1a99c9e45c32fc4ca47754db4d192c8) Importer(815301076,1909f56bfc062723c751e8b465ee728b)
Start importing Assets/Dowloads/Vast Outer Space/Materials/Galaxy_B.mat using Guid(f1a99c9e45c32fc4ca47754db4d192c8) Importer(815301076,1909f56bfc062723c751e8b465ee728b)  -> (artifact id: '22b23a303d23f8ccdfdf9156c1ad66c6') in 0.033757 seconds
  Import took 0.038412 seconds .

========================================================================
Received Import Request.
  Time since last request: 0.000248 seconds.
  path: Assets/TextMesh Pro/Resources/Fonts & Materials/LiberationSans SDF - Outline.mat
  artifactKey: Guid(79459efec17a4d00a321bdcc27bbc385) Importer(815301076,1909f56bfc062723c751e8b465ee728b)
Start importing Assets/TextMesh Pro/Resources/Fonts & Materials/LiberationSans SDF - Outline.mat using Guid(79459efec17a4d00a321bdcc27bbc385) Importer(815301076,1909f56bfc062723c751e8b465ee728b)  -> (artifact id: '93f67f759338f8149d8115979e699991') in 0.088707 seconds
  Import took 0.093264 seconds .

========================================================================
Received Import Request.
  Time since last request: 0.000260 seconds.
  path: Assets/Dowloads/Vast Outer Space/Materials/Gas_Planet_G.mat
  artifactKey: Guid(9ec04c19226b42a47a0e6b5211281de8) Importer(815301076,1909f56bfc062723c751e8b465ee728b)
Start importing Assets/Dowloads/Vast Outer Space/Materials/Gas_Planet_G.mat using Guid(9ec04c19226b42a47a0e6b5211281de8) Importer(815301076,1909f56bfc062723c751e8b465ee728b)  -> (artifact id: '772b21df863b5a005e2aebf8fb9df8ce') in 0.016724 seconds
  Import took 0.021572 seconds .

========================================================================
Received Import Request.
  Time since last request: 0.000387 seconds.
  path: Assets/Dowloads/Vast Outer Space/Materials/Gas_Planet_J.mat
  artifactKey: Guid(4e1a2f8b73db48b4f81c68e23e158f37) Importer(815301076,1909f56bfc062723c751e8b465ee728b)
Start importing Assets/Dowloads/Vast Outer Space/Materials/Gas_Planet_J.mat using Guid(4e1a2f8b73db48b4f81c68e23e158f37) Importer(815301076,1909f56bfc062723c751e8b465ee728b)  -> (artifact id: '34e31e7eabbb100111f7b62d9170d5c1') in 0.027086 seconds
  Import took 0.032153 seconds .

========================================================================
Received Import Request.
  Time since last request: 0.000290 seconds.
  path: Assets/Dowloads/Vast Outer Space/Meshes/Materials/M_Skybox_A.mat
  artifactKey: Guid(e2043b0a3c58d4242923e007f1d08bd5) Importer(815301076,1909f56bfc062723c751e8b465ee728b)
Start importing Assets/Dowloads/Vast Outer Space/Meshes/Materials/M_Skybox_A.mat using Guid(e2043b0a3c58d4242923e007f1d08bd5) Importer(815301076,1909f56bfc062723c751e8b465ee728b)  -> (artifact id: '8646fa683335da8547646c4185c3bf6d') in 0.029999 seconds
  Import took 0.034750 seconds .

========================================================================
Received Import Request.
  Time since last request: 0.000236 seconds.
  path: Assets/Dowloads/Vast Outer Space/Materials/Asteroid_F.mat
  artifactKey: Guid(cd7d216b7c1e38144b2a126602471ce9) Importer(815301076,1909f56bfc062723c751e8b465ee728b)
Start importing Assets/Dowloads/Vast Outer Space/Materials/Asteroid_F.mat using Guid(cd7d216b7c1e38144b2a126602471ce9) Importer(815301076,1909f56bfc062723c751e8b465ee728b)  -> (artifact id: '8c8acd327b37e170c78e98852d2f2088') in 0.031025 seconds
  Import took 0.035807 seconds .

========================================================================
Received Import Request.
  Time since last request: 0.000205 seconds.
  path: Assets/Dowloads/Vast Outer Space/Materials/Asteroid_G.mat
  artifactKey: Guid(6c9695e1a7b954d4fa05a844fd42cdab) Importer(815301076,1909f56bfc062723c751e8b465ee728b)
Start importing Assets/Dowloads/Vast Outer Space/Materials/Asteroid_G.mat using Guid(6c9695e1a7b954d4fa05a844fd42cdab) Importer(815301076,1909f56bfc062723c751e8b465ee728b)  -> (artifact id: '4ab1b82a21dd44712a1df9ef53d98fa8') in 0.031093 seconds
  Import took 0.036868 seconds .

========================================================================
Received Import Request.
  Time since last request: 0.000180 seconds.
  path: Assets/Dowloads/Vast Outer Space/Materials/Gas_Planet_A.mat
  artifactKey: Guid(bb757e178e37edd4abcd5b4c01109162) Importer(815301076,1909f56bfc062723c751e8b465ee728b)
Start importing Assets/Dowloads/Vast Outer Space/Materials/Gas_Planet_A.mat using Guid(bb757e178e37edd4abcd5b4c01109162) Importer(815301076,1909f56bfc062723c751e8b465ee728b)  -> (artifact id: '4015f16afb51c1c18aff9014d947b449') in 0.013983 seconds
  Import took 0.018597 seconds .

========================================================================
Received Import Request.
  Time since last request: 0.000142 seconds.
  path: Assets/TextMesh Pro/Resources/Fonts & Materials/LiberationSans SDF - Fallback.asset
  artifactKey: Guid(2e498d1c8094910479dc3e1b768306a4) Importer(815301076,1909f56bfc062723c751e8b465ee728b)
Start importing Assets/TextMesh Pro/Resources/Fonts & Materials/LiberationSans SDF - Fallback.asset using Guid(2e498d1c8094910479dc3e1b768306a4) Importer(815301076,1909f56bfc062723c751e8b465ee728b)  -> (artifact id: '186e24f9fd71a458b6c2a4531f8b5f4d') in 0.039941 seconds
  Import took 0.044556 seconds .

========================================================================
Received Import Request.
  Time since last request: 0.000263 seconds.
  path: Assets/Dowloads/Vast Outer Space/Materials/Galaxy_G.mat
  artifactKey: Guid(26be6bec8c884734ba1d14489b4d307f) Importer(815301076,1909f56bfc062723c751e8b465ee728b)
Start importing Assets/Dowloads/Vast Outer Space/Materials/Galaxy_G.mat using Guid(26be6bec8c884734ba1d14489b4d307f) Importer(815301076,1909f56bfc062723c751e8b465ee728b)  -> (artifact id: 'ed4843ddb7c3edcd46786a552b825243') in 0.030915 seconds
  Import took 0.035710 seconds .

========================================================================
Received Import Request.
  Time since last request: 0.000188 seconds.
  path: Assets/TextMesh Pro/Resources/Fonts & Materials/LiberationSans SDF - Drop Shadow.mat
  artifactKey: Guid(e73a58f6e2794ae7b1b7e50b7fb811b0) Importer(815301076,1909f56bfc062723c751e8b465ee728b)
Start importing Assets/TextMesh Pro/Resources/Fonts & Materials/LiberationSans SDF - Drop Shadow.mat using Guid(e73a58f6e2794ae7b1b7e50b7fb811b0) Importer(815301076,1909f56bfc062723c751e8b465ee728b)  -> (artifact id: 'e9f6e3eeb162ede3240851a194c768ad') in 0.082446 seconds
  Import took 0.087107 seconds .

========================================================================
Received Import Request.
  Time since last request: 0.000219 seconds.
  path: Assets/Dowloads/Textures&Mats/Skybox_2/Green_2K_Resoution.mat
  artifactKey: Guid(269967744bbed1849a317b8175dc3f43) Importer(815301076,1909f56bfc062723c751e8b465ee728b)
Start importing Assets/Dowloads/Textures&Mats/Skybox_2/Green_2K_Resoution.mat using Guid(269967744bbed1849a317b8175dc3f43) Importer(815301076,1909f56bfc062723c751e8b465ee728b)  -> (artifact id: '367f7dc001d5630802d06807464686d2') in 0.063675 seconds
  Import took 0.068272 seconds .

========================================================================
Received Import Request.
  Time since last request: 0.000197 seconds.
  path: Assets/Dowloads/Vast Outer Space/Materials/Galaxy_K.mat
  artifactKey: Guid(272e34df9fd985b45912c5aede7d17f9) Importer(815301076,1909f56bfc062723c751e8b465ee728b)
Start importing Assets/Dowloads/Vast Outer Space/Materials/Galaxy_K.mat using Guid(272e34df9fd985b45912c5aede7d17f9) Importer(815301076,1909f56bfc062723c751e8b465ee728b)  -> (artifact id: '4f0ce832b2d387aa2fc3c8a09470bc68') in 0.030817 seconds
  Import took 0.035430 seconds .

========================================================================
Received Import Request.
  Time since last request: 0.000267 seconds.
  path: Assets/Dowloads/Textures&Mats/Skybox_2/Green_4K_Resolution.mat
  artifactKey: Guid(b13109bc4674dd24ebc04b7c12437ad6) Importer(815301076,1909f56bfc062723c751e8b465ee728b)
Start importing Assets/Dowloads/Textures&Mats/Skybox_2/Green_4K_Resolution.mat using Guid(b13109bc4674dd24ebc04b7c12437ad6) Importer(815301076,1909f56bfc062723c751e8b465ee728b)  -> (artifact id: 'c81bfd5bfa52a8baa97ff4a7b181225b') in 0.046446 seconds
  Import took 0.051635 seconds .

========================================================================
Received Import Request.
  Time since last request: 0.000252 seconds.
  path: Assets/TextMesh Pro/Resources/Fonts & Materials/LiberationSans SDF.asset
  artifactKey: Guid(8f586378b4e144a9851e7b34d9b748ee) Importer(815301076,1909f56bfc062723c751e8b465ee728b)
Start importing Assets/TextMesh Pro/Resources/Fonts & Materials/LiberationSans SDF.asset using Guid(8f586378b4e144a9851e7b34d9b748ee) Importer(815301076,1909f56bfc062723c751e8b465ee728b)  -> (artifact id: 'e45367eaf1d31e3e56c17a9c64ed8556') in 0.043045 seconds
  Import took 0.047822 seconds .

========================================================================
Received Import Request.
  Time since last request: 0.000213 seconds.
  path: Assets/Dowloads/Vast Outer Space/Materials/Galaxy_F.mat
  artifactKey: Guid(d6938b912e9f2864fae95d7c177eac12) Importer(815301076,1909f56bfc062723c751e8b465ee728b)
Start importing Assets/Dowloads/Vast Outer Space/Materials/Galaxy_F.mat using Guid(d6938b912e9f2864fae95d7c177eac12) Importer(815301076,1909f56bfc062723c751e8b465ee728b)  -> (artifact id: '799faa25bea45e1dcb26b283f07f45c3') in 0.031335 seconds
  Import took 0.035834 seconds .

========================================================================
Received Import Request.
  Time since last request: 0.000269 seconds.
  path: Assets/Dowloads/Vast Outer Space/Materials/Asteroid_C.mat
  artifactKey: Guid(e907e370a06d3ff49b3215387775ed67) Importer(815301076,1909f56bfc062723c751e8b465ee728b)
Start importing Assets/Dowloads/Vast Outer Space/Materials/Asteroid_C.mat using Guid(e907e370a06d3ff49b3215387775ed67) Importer(815301076,1909f56bfc062723c751e8b465ee728b)  -> (artifact id: '05dbe1fd0475f60d03ec75a269ccbb08') in 0.028019 seconds
  Import took 0.033138 seconds .

========================================================================
Received Import Request.
  Time since last request: 0.000224 seconds.
  path: Assets/Dowloads/Vast Outer Space/Materials/Asteroid_H.mat
  artifactKey: Guid(b9494279143d56f49a5550c5eb3b0066) Importer(815301076,1909f56bfc062723c751e8b465ee728b)
Start importing Assets/Dowloads/Vast Outer Space/Materials/Asteroid_H.mat using Guid(b9494279143d56f49a5550c5eb3b0066) Importer(815301076,1909f56bfc062723c751e8b465ee728b)  -> (artifact id: 'd12296c6d386dd83f0aafbb96060882a') in 0.027154 seconds
  Import took 0.032074 seconds .

========================================================================
Received Import Request.
  Time since last request: 0.000292 seconds.
  path: Assets/Dowloads/Textures&Mats/Skybox_2/Green_1K_Resolution.mat
  artifactKey: Guid(7532f699e134c3547b373487f6b4d57f) Importer(815301076,1909f56bfc062723c751e8b465ee728b)
Start importing Assets/Dowloads/Textures&Mats/Skybox_2/Green_1K_Resolution.mat using Guid(7532f699e134c3547b373487f6b4d57f) Importer(815301076,1909f56bfc062723c751e8b465ee728b)  -> (artifact id: 'bef61a3304adea42c9d5936f86d9ad0e') in 0.030944 seconds
  Import took 0.035541 seconds .

========================================================================
Received Import Request.
  Time since last request: 0.000218 seconds.
  path: Assets/Dowloads/Vast Outer Space/Materials/Galaxy_I.mat
  artifactKey: Guid(8e8394f7c673979468b8f97e291ca0d9) Importer(815301076,1909f56bfc062723c751e8b465ee728b)
Start importing Assets/Dowloads/Vast Outer Space/Materials/Galaxy_I.mat using Guid(8e8394f7c673979468b8f97e291ca0d9) Importer(815301076,1909f56bfc062723c751e8b465ee728b)  -> (artifact id: 'aab28a5636177928a69e9c142ee1f6bc') in 0.030554 seconds
  Import took 0.035034 seconds .

========================================================================
Received Import Request.
  Time since last request: 0.000289 seconds.
  path: Assets/Dowloads/Vast Outer Space/Materials/Nebula_D.mat
  artifactKey: Guid(d3caa4e356bfbc94fbe8823e9914b1a4) Importer(815301076,1909f56bfc062723c751e8b465ee728b)
Start importing Assets/Dowloads/Vast Outer Space/Materials/Nebula_D.mat using Guid(d3caa4e356bfbc94fbe8823e9914b1a4) Importer(815301076,1909f56bfc062723c751e8b465ee728b)  -> (artifact id: '35e5d0454b3e656d3801586121676da7') in 0.031201 seconds
  Import took 0.035767 seconds .

========================================================================
Received Import Request.
  Time since last request: 0.000194 seconds.
  path: Assets/Dowloads/Vast Outer Space/Materials/Planet_J.mat
  artifactKey: Guid(311b53a96f17fc14aa3d1309d6374d60) Importer(815301076,1909f56bfc062723c751e8b465ee728b)
Start importing Assets/Dowloads/Vast Outer Space/Materials/Planet_J.mat using Guid(311b53a96f17fc14aa3d1309d6374d60) Importer(815301076,1909f56bfc062723c751e8b465ee728b)  -> (artifact id: 'e8c70be75dc87152e0a5e8292b5564ad') in 0.026544 seconds
  Import took 0.031343 seconds .

========================================================================
Received Import Request.
  Time since last request: 0.000341 seconds.
  path: Assets/Dowloads/Vast Outer Space/Materials/Planet_F.mat
  artifactKey: Guid(7376562ddb369724a8404759c6ebd94f) Importer(815301076,1909f56bfc062723c751e8b465ee728b)
Start importing Assets/Dowloads/Vast Outer Space/Materials/Planet_F.mat using Guid(7376562ddb369724a8404759c6ebd94f) Importer(815301076,1909f56bfc062723c751e8b465ee728b)  -> (artifact id: 'ad4ecc27d55351acbb3516ae3472ae45') in 0.030746 seconds
  Import took 0.035367 seconds .

========================================================================
Received Import Request.
  Time since last request: 0.000262 seconds.
  path: Assets/Dowloads/Vast Outer Space/Materials/Nebula_CD.mat
  artifactKey: Guid(a316b58204968be4c9cb938d085070af) Importer(815301076,1909f56bfc062723c751e8b465ee728b)
Start importing Assets/Dowloads/Vast Outer Space/Materials/Nebula_CD.mat using Guid(a316b58204968be4c9cb938d085070af) Importer(815301076,1909f56bfc062723c751e8b465ee728b)  -> (artifact id: '5b19d5041fec75b814ee9b9a1e4dbf8d') in 0.035771 seconds
  Import took 0.040056 seconds .

========================================================================
Received Import Request.
  Time since last request: 0.000228 seconds.
  path: Assets/Dowloads/Vast Outer Space/Materials/Nebula_DEF.mat
  artifactKey: Guid(a05fe2ec4b3588047a3edcdd174a8910) Importer(815301076,1909f56bfc062723c751e8b465ee728b)
Start importing Assets/Dowloads/Vast Outer Space/Materials/Nebula_DEF.mat using Guid(a05fe2ec4b3588047a3edcdd174a8910) Importer(815301076,1909f56bfc062723c751e8b465ee728b)  -> (artifact id: 'ea9de35ba9bf5adbe35182f16fd80de4') in 0.031353 seconds
  Import took 0.035647 seconds .

========================================================================
Received Import Request.
  Time since last request: 0.000229 seconds.
  path: Assets/Dowloads/Vast Outer Space/Materials/Planet_B.mat
  artifactKey: Guid(461ac3a7f6392b945849e216b9c4d584) Importer(815301076,1909f56bfc062723c751e8b465ee728b)
Start importing Assets/Dowloads/Vast Outer Space/Materials/Planet_B.mat using Guid(461ac3a7f6392b945849e216b9c4d584) Importer(815301076,1909f56bfc062723c751e8b465ee728b)  -> (artifact id: '36c09365d936ddbb5c245e59bf76abf4') in 0.026516 seconds
  Import took 0.030768 seconds .

========================================================================
Received Import Request.
  Time since last request: 0.000228 seconds.
  path: Assets/Dowloads/Vast Outer Space/Materials/Planet_L.mat
  artifactKey: Guid(3046e35b31a039f4f925e8ca5fadd9c6) Importer(815301076,1909f56bfc062723c751e8b465ee728b)
Start importing Assets/Dowloads/Vast Outer Space/Materials/Planet_L.mat using Guid(3046e35b31a039f4f925e8ca5fadd9c6) Importer(815301076,1909f56bfc062723c751e8b465ee728b)  -> (artifact id: 'abdc33948d32166e53e42bac894d186f') in 0.024956 seconds
  Import took 0.029228 seconds .

========================================================================
Received Import Request.
  Time since last request: 0.000340 seconds.
  path: Assets/Dowloads/Vast Outer Space/Materials/Nebula_EF.mat
  artifactKey: Guid(ddfca099ea2b4014e89d9f1a60498a8b) Importer(815301076,1909f56bfc062723c751e8b465ee728b)
Start importing Assets/Dowloads/Vast Outer Space/Materials/Nebula_EF.mat using Guid(ddfca099ea2b4014e89d9f1a60498a8b) Importer(815301076,1909f56bfc062723c751e8b465ee728b)  -> (artifact id: 'fabb624a538ee6b1fc467f70dbdb841e') in 0.034781 seconds
  Import took 0.039266 seconds .

========================================================================
Received Import Request.
  Time since last request: 0.000230 seconds.
  path: Assets/Dowloads/Vast Outer Space/Materials/Nebula_E.mat
  artifactKey: Guid(922a93da4b9fe0546b4da1c307cc509e) Importer(815301076,1909f56bfc062723c751e8b465ee728b)
Start importing Assets/Dowloads/Vast Outer Space/Materials/Nebula_E.mat using Guid(922a93da4b9fe0546b4da1c307cc509e) Importer(815301076,1909f56bfc062723c751e8b465ee728b)  -> (artifact id: '36009ac04aac815c6f92cb0e13c075af') in 0.031247 seconds
  Import took 0.036051 seconds .

========================================================================
Received Import Request.
  Time since last request: 0.000328 seconds.
  path: Assets/Dowloads/Vast Outer Space/Materials/Nebula_F.mat
  artifactKey: Guid(ef53862a251c3ad4d95b2b376608ee3f) Importer(815301076,1909f56bfc062723c751e8b465ee728b)
Start importing Assets/Dowloads/Vast Outer Space/Materials/Nebula_F.mat using Guid(ef53862a251c3ad4d95b2b376608ee3f) Importer(815301076,1909f56bfc062723c751e8b465ee728b)  -> (artifact id: 'edd0f6b543b7ea062626ac81064de8ce') in 0.036398 seconds
  Import took 0.041006 seconds .

========================================================================
Received Import Request.
  Time since last request: 0.000386 seconds.
  path: Assets/Dowloads/Textures&Mats/Skybox_1/Pink_2K_Resolution.mat
  artifactKey: Guid(9f69d571a9cb54943b5a80ccd6b19e96) Importer(815301076,1909f56bfc062723c751e8b465ee728b)
Start importing Assets/Dowloads/Textures&Mats/Skybox_1/Pink_2K_Resolution.mat using Guid(9f69d571a9cb54943b5a80ccd6b19e96) Importer(815301076,1909f56bfc062723c751e8b465ee728b)  -> (artifact id: 'f05d670395c857ba523e10b57609f671') in 0.045873 seconds
  Import took 0.051428 seconds .

========================================================================
Received Import Request.
  Time since last request: 0.000237 seconds.
  path: Assets/Dowloads/Vast Outer Space/Materials/Asteroid_A.mat
  artifactKey: Guid(2ab70d44e5d7dd44290aeaf27fe1d7f5) Importer(815301076,1909f56bfc062723c751e8b465ee728b)
Start importing Assets/Dowloads/Vast Outer Space/Materials/Asteroid_A.mat using Guid(2ab70d44e5d7dd44290aeaf27fe1d7f5) Importer(815301076,1909f56bfc062723c751e8b465ee728b)  -> (artifact id: '4a088c7aa1235d40ef9b6da97257d334') in 0.007900 seconds
  Import took 0.012237 seconds .

========================================================================
Received Import Request.
  Time since last request: 0.000249 seconds.
  path: Assets/Dowloads/Vast Outer Space/Materials/Galaxy_H.mat
  artifactKey: Guid(0281bf8d7621d6c40a73e84e341e80b3) Importer(815301076,1909f56bfc062723c751e8b465ee728b)
Start importing Assets/Dowloads/Vast Outer Space/Materials/Galaxy_H.mat using Guid(0281bf8d7621d6c40a73e84e341e80b3) Importer(815301076,1909f56bfc062723c751e8b465ee728b)  -> (artifact id: '564278217f78f9f6eafd1a82a5219d51') in 0.032662 seconds
  Import took 0.037266 seconds .

========================================================================
Received Import Request.
  Time since last request: 0.000312 seconds.
  path: Assets/Dowloads/Vast Outer Space/Materials/Nebula_BC.mat
  artifactKey: Guid(6c1279529f793dd438c096bd8a459cde) Importer(815301076,1909f56bfc062723c751e8b465ee728b)
Start importing Assets/Dowloads/Vast Outer Space/Materials/Nebula_BC.mat using Guid(6c1279529f793dd438c096bd8a459cde) Importer(815301076,1909f56bfc062723c751e8b465ee728b)  -> (artifact id: 'f12cda914d94779a7899801bbc9ba07a') in 0.033699 seconds
  Import took 0.038404 seconds .

========================================================================
Received Import Request.
  Time since last request: 0.000253 seconds.
  path: Assets/Dowloads/Vast Outer Space/Materials/Gas_Planet_F.mat
  artifactKey: Guid(7c1060f507508d446a956d7f741d31e8) Importer(815301076,1909f56bfc062723c751e8b465ee728b)
Start importing Assets/Dowloads/Vast Outer Space/Materials/Gas_Planet_F.mat using Guid(7c1060f507508d446a956d7f741d31e8) Importer(815301076,1909f56bfc062723c751e8b465ee728b)  -> (artifact id: 'c0fd827f3efa696e0db1a221d30c6e03') in 0.023702 seconds
  Import took 0.028171 seconds .

========================================================================
Received Import Request.
  Time since last request: 0.000201 seconds.
  path: Assets/Dowloads/Vast Outer Space/Materials/Nebula_CDE.mat
  artifactKey: Guid(bd0a4a87cb2d2f344a4d15b58eb14a1e) Importer(815301076,1909f56bfc062723c751e8b465ee728b)
Start importing Assets/Dowloads/Vast Outer Space/Materials/Nebula_CDE.mat using Guid(bd0a4a87cb2d2f344a4d15b58eb14a1e) Importer(815301076,1909f56bfc062723c751e8b465ee728b)  -> (artifact id: 'b7763eeef8844b92c4fd89fd56d01790') in 0.032251 seconds
  Import took 0.036553 seconds .

========================================================================
Received Import Request.
  Time since last request: 0.000266 seconds.
  path: Assets/Dowloads/Vast Outer Space/Materials/Gas_Planet_L.mat
  artifactKey: Guid(db7f9a3a38264f94d9e18f00b7e379ac) Importer(815301076,1909f56bfc062723c751e8b465ee728b)
Start importing Assets/Dowloads/Vast Outer Space/Materials/Gas_Planet_L.mat using Guid(db7f9a3a38264f94d9e18f00b7e379ac) Importer(815301076,1909f56bfc062723c751e8b465ee728b)  -> (artifact id: 'd4f259af21c01a23d86c8def7d455ce3') in 0.018656 seconds
  Import took 0.023601 seconds .

========================================================================
Received Import Request.
  Time since last request: 0.000309 seconds.
  path: Assets/Dowloads/Vast Outer Space/Materials/Planet_Ring_A1.mat
  artifactKey: Guid(c5864572449bb814a81fceae75565277) Importer(815301076,1909f56bfc062723c751e8b465ee728b)
Start importing Assets/Dowloads/Vast Outer Space/Materials/Planet_Ring_A1.mat using Guid(c5864572449bb814a81fceae75565277) Importer(815301076,1909f56bfc062723c751e8b465ee728b)  -> (artifact id: '3fb862c199a5d4ac203d1eb97eb3d7b8') in 0.034451 seconds
  Import took 0.039067 seconds .

========================================================================
Received Import Request.
  Time since last request: 0.000341 seconds.
  path: Assets/Dowloads/Vast Outer Space/Materials/Nebula_C.mat
  artifactKey: Guid(37a0a7a86d41b3e43b7a4fdb260ab66b) Importer(815301076,1909f56bfc062723c751e8b465ee728b)
Start importing Assets/Dowloads/Vast Outer Space/Materials/Nebula_C.mat using Guid(37a0a7a86d41b3e43b7a4fdb260ab66b) Importer(815301076,1909f56bfc062723c751e8b465ee728b)  -> (artifact id: 'fb3551ec40e4f6a3e22c52c6fc5572ff') in 0.033131 seconds
  Import took 0.037617 seconds .

========================================================================
Received Import Request.
  Time since last request: 0.000221 seconds.
  path: Assets/Dowloads/Vast Outer Space/Materials/Nebula_DE.mat
  artifactKey: Guid(02695f652946c7e47894bac87ea63a18) Importer(815301076,1909f56bfc062723c751e8b465ee728b)
Start importing Assets/Dowloads/Vast Outer Space/Materials/Nebula_DE.mat using Guid(02695f652946c7e47894bac87ea63a18) Importer(815301076,1909f56bfc062723c751e8b465ee728b)  -> (artifact id: 'a2691507ed825beb0049ecfabfe38986') in 0.031058 seconds
  Import took 0.035844 seconds .

========================================================================
Received Import Request.
  Time since last request: 0.000304 seconds.
  path: Assets/Dowloads/Vast Outer Space/Materials/Planet_E.mat
  artifactKey: Guid(979c24c8411d50249895c216227fe20e) Importer(815301076,1909f56bfc062723c751e8b465ee728b)
Start importing Assets/Dowloads/Vast Outer Space/Materials/Planet_E.mat using Guid(979c24c8411d50249895c216227fe20e) Importer(815301076,1909f56bfc062723c751e8b465ee728b)  -> (artifact id: '7c594ffde880577c1adae3f963ae96f0') in 0.017446 seconds
  Import took 0.021940 seconds .

========================================================================
Received Import Request.
  Time since last request: 0.000239 seconds.
  path: Assets/Dowloads/Vast Outer Space/Materials/Nebula_B.mat
  artifactKey: Guid(8372ab378bad2034ea1592f49445109f) Importer(815301076,1909f56bfc062723c751e8b465ee728b)
Start importing Assets/Dowloads/Vast Outer Space/Materials/Nebula_B.mat using Guid(8372ab378bad2034ea1592f49445109f) Importer(815301076,1909f56bfc062723c751e8b465ee728b)  -> (artifact id: '2305eb940bd40fd9156beffd6461e5da') in 0.031921 seconds
  Import took 0.036393 seconds .

========================================================================
Received Import Request.
  Time since last request: 0.000304 seconds.
  path: Assets/Dowloads/Vast Outer Space/Materials/Gas_Planet_H.mat
  artifactKey: Guid(17e13f2d3211b2547912a2e028bbda56) Importer(815301076,1909f56bfc062723c751e8b465ee728b)
Start importing Assets/Dowloads/Vast Outer Space/Materials/Gas_Planet_H.mat using Guid(17e13f2d3211b2547912a2e028bbda56) Importer(815301076,1909f56bfc062723c751e8b465ee728b)  -> (artifact id: '5296177d3c68186e2638efd7ee545d11') in 0.027277 seconds
  Import took 0.032058 seconds .

========================================================================
Received Import Request.
  Time since last request: 0.000285 seconds.
  path: Assets/Dowloads/Vast Outer Space/Materials/Nebula_A.mat
  artifactKey: Guid(b2363ca872fe93d4fb368bd198a51b15) Importer(815301076,1909f56bfc062723c751e8b465ee728b)
Start importing Assets/Dowloads/Vast Outer Space/Materials/Nebula_A.mat using Guid(b2363ca872fe93d4fb368bd198a51b15) Importer(815301076,1909f56bfc062723c751e8b465ee728b)  -> (artifact id: 'c158943285a163b058f315208ffc85c3') in 0.032864 seconds
  Import took 0.037528 seconds .

========================================================================
Received Import Request.
  Time since last request: 0.000201 seconds.
  path: Assets/Dowloads/Textures&Mats/Skybox_1/Pink_4K_Resolution.mat
  artifactKey: Guid(8401881fcb9afd34eb383fc90bbbbddc) Importer(815301076,1909f56bfc062723c751e8b465ee728b)
Start importing Assets/Dowloads/Textures&Mats/Skybox_1/Pink_4K_Resolution.mat using Guid(8401881fcb9afd34eb383fc90bbbbddc) Importer(815301076,1909f56bfc062723c751e8b465ee728b)  -> (artifact id: '8ef4090593937f1a7858da63751a2c8d') in 0.049440 seconds
  Import took 0.054470 seconds .

========================================================================
Received Import Request.
  Time since last request: 0.000170 seconds.
  path: Assets/Dowloads/Vast Outer Space/Materials/Planet_G.mat
  artifactKey: Guid(f2a7ecf0acfa1e14cb60df026defae69) Importer(815301076,1909f56bfc062723c751e8b465ee728b)
Start importing Assets/Dowloads/Vast Outer Space/Materials/Planet_G.mat using Guid(f2a7ecf0acfa1e14cb60df026defae69) Importer(815301076,1909f56bfc062723c751e8b465ee728b)  -> (artifact id: '3c5f23fe1f54379734be129070dd3ea1') in 0.029284 seconds
  Import took 0.033874 seconds .

========================================================================
Received Import Request.
  Time since last request: 0.000251 seconds.
  path: Assets/Dowloads/Textures&Mats/Skybox_1/Pink_1K_Resolution.mat
  artifactKey: Guid(3e8bc5155c4c9ed46a63ac64c06408f3) Importer(815301076,1909f56bfc062723c751e8b465ee728b)
Start importing Assets/Dowloads/Textures&Mats/Skybox_1/Pink_1K_Resolution.mat using Guid(3e8bc5155c4c9ed46a63ac64c06408f3) Importer(815301076,1909f56bfc062723c751e8b465ee728b)  -> (artifact id: '18bc458fbfac4747a756b370947241ed') in 0.019486 seconds
  Import took 0.024053 seconds .

========================================================================
Received Import Request.
  Time since last request: 0.000238 seconds.
  path: Assets/Dowloads/Vast Outer Space/Materials/Black.mat
  artifactKey: Guid(227af8007854ca246a48c2f3edf86a4d) Importer(815301076,1909f56bfc062723c751e8b465ee728b)
Start importing Assets/Dowloads/Vast Outer Space/Materials/Black.mat using Guid(227af8007854ca246a48c2f3edf86a4d) Importer(815301076,1909f56bfc062723c751e8b465ee728b)  -> (artifact id: 'b0a9d9a6d1b53de7d2c30184d2f4ec6b') in 0.013793 seconds
  Import took 0.018534 seconds .

========================================================================
Received Import Request.
  Time since last request: 0.000273 seconds.
  path: Assets/Dowloads/Vast Outer Space/Materials/Planet_I.mat
  artifactKey: Guid(7f9cb792ba0857845aa00229707e3633) Importer(815301076,1909f56bfc062723c751e8b465ee728b)
Start importing Assets/Dowloads/Vast Outer Space/Materials/Planet_I.mat using Guid(7f9cb792ba0857845aa00229707e3633) Importer(815301076,1909f56bfc062723c751e8b465ee728b)  -> (artifact id: 'd9dc5f89abda97996420821ed49e4069') in 0.028696 seconds
  Import took 0.033221 seconds .

========================================================================
Received Import Request.
  Time since last request: 0.000262 seconds.
  path: Assets/Dowloads/Vast Outer Space/Materials/Nebula_BCD.mat
  artifactKey: Guid(336ee98b1a637f148a8868aa347b1910) Importer(815301076,1909f56bfc062723c751e8b465ee728b)
Start importing Assets/Dowloads/Vast Outer Space/Materials/Nebula_BCD.mat using Guid(336ee98b1a637f148a8868aa347b1910) Importer(815301076,1909f56bfc062723c751e8b465ee728b)  -> (artifact id: 'aa10298fa54c2120ce579bc7410bc6dd') in 0.030564 seconds
  Import took 0.035385 seconds .

========================================================================
Received Import Request.
  Time since last request: 0.000354 seconds.
  path: Assets/Dowloads/Vast Outer Space/Materials/Galaxy_D.mat
  artifactKey: Guid(9965b5208adcbbb419c29592a7f6ce6c) Importer(815301076,1909f56bfc062723c751e8b465ee728b)
Start importing Assets/Dowloads/Vast Outer Space/Materials/Galaxy_D.mat using Guid(9965b5208adcbbb419c29592a7f6ce6c) Importer(815301076,1909f56bfc062723c751e8b465ee728b)  -> (artifact id: '87647c8432e930e25f54f662f5a61126') in 0.031158 seconds
  Import took 0.035868 seconds .

========================================================================
Received Import Request.
  Time since last request: 0.000238 seconds.
  path: Assets/TextMesh Pro/Fonts/LiberationSans.ttf
  artifactKey: Guid(e3265ab4bf004d28a9537516768c1c75) Importer(815301076,1909f56bfc062723c751e8b465ee728b)
Start importing Assets/TextMesh Pro/Fonts/LiberationSans.ttf using Guid(e3265ab4bf004d28a9537516768c1c75) Importer(815301076,1909f56bfc062723c751e8b465ee728b)  -> (artifact id: '4acfda0379a62c891aa16cc386cf6384') in 0.021746 seconds
  Import took 0.026081 seconds .

========================================================================
Received Import Request.
  Time since last request: 0.000281 seconds.
  path: Assets/Dowloads/Vast Outer Space/Materials/Planet_K.mat
  artifactKey: Guid(3abbde2540c5f27498cfa1858316b3b3) Importer(815301076,1909f56bfc062723c751e8b465ee728b)
Start importing Assets/Dowloads/Vast Outer Space/Materials/Planet_K.mat using Guid(3abbde2540c5f27498cfa1858316b3b3) Importer(815301076,1909f56bfc062723c751e8b465ee728b)  -> (artifact id: '7c06406699660bbcbce15a6c2aea5ec3') in 0.026407 seconds
  Import took 0.031134 seconds .

========================================================================
Received Import Request.
  Time since last request: 0.000229 seconds.
  path: Assets/Dowloads/Vast Outer Space/Materials/Galaxy_J.mat
  artifactKey: Guid(2999a027beddbaf43a5ac48ac38f2dbf) Importer(815301076,1909f56bfc062723c751e8b465ee728b)
Start importing Assets/Dowloads/Vast Outer Space/Materials/Galaxy_J.mat using Guid(2999a027beddbaf43a5ac48ac38f2dbf) Importer(815301076,1909f56bfc062723c751e8b465ee728b)  -> (artifact id: '09268a9b5fba0199777692f536b85dcf') in 0.035247 seconds
  Import took 0.039656 seconds .

========================================================================
Received Import Request.
  Time since last request: 0.000240 seconds.
  path: Assets/Dowloads/Vast Outer Space/Materials/Nebula_ABC.mat
  artifactKey: Guid(8b039278092af6440a1d665269ed16e1) Importer(815301076,1909f56bfc062723c751e8b465ee728b)
Start importing Assets/Dowloads/Vast Outer Space/Materials/Nebula_ABC.mat using Guid(8b039278092af6440a1d665269ed16e1) Importer(815301076,1909f56bfc062723c751e8b465ee728b)  -> (artifact id: 'b49b863303d3daed6f6b0bccd912f590') in 0.032942 seconds
  Import took 0.037460 seconds .

========================================================================
Received Import Request.
  Time since last request: 0.000224 seconds.
  path: Assets/Dowloads/Vast Outer Space/Materials/Gas_Planet_C.mat
  artifactKey: Guid(f8ffae789d3897c41af6cc9cda7cca0f) Importer(815301076,1909f56bfc062723c751e8b465ee728b)
Start importing Assets/Dowloads/Vast Outer Space/Materials/Gas_Planet_C.mat using Guid(f8ffae789d3897c41af6cc9cda7cca0f) Importer(815301076,1909f56bfc062723c751e8b465ee728b)  -> (artifact id: 'bf50a2392c85a41d04d2be5a233de006') in 0.016946 seconds
  Import took 0.021146 seconds .

========================================================================
Received Import Request.
  Time since last request: 0.000273 seconds.
  path: Assets/Dowloads/Vast Outer Space/Materials/Planet_A.mat
  artifactKey: Guid(03e2fc29461035a41927951b7363ce46) Importer(815301076,1909f56bfc062723c751e8b465ee728b)
Start importing Assets/Dowloads/Vast Outer Space/Materials/Planet_A.mat using Guid(03e2fc29461035a41927951b7363ce46) Importer(815301076,1909f56bfc062723c751e8b465ee728b)  -> (artifact id: 'd938c817226b303424b09cb66841e51a') in 0.026503 seconds
  Import took 0.030920 seconds .

========================================================================
Received Import Request.
  Time since last request: 0.000280 seconds.
  path: Assets/Dowloads/Vast Outer Space/Materials/Planet_H.mat
  artifactKey: Guid(7840ae30f946cfd43a5b57eafeea16b7) Importer(815301076,1909f56bfc062723c751e8b465ee728b)
Start importing Assets/Dowloads/Vast Outer Space/Materials/Planet_H.mat using Guid(7840ae30f946cfd43a5b57eafeea16b7) Importer(815301076,1909f56bfc062723c751e8b465ee728b)  -> (artifact id: '925b51e14bbd904727b1a0c236937636') in 0.027906 seconds
  Import took 0.032562 seconds .

========================================================================
Received Import Request.
  Time since last request: 0.000287 seconds.
  path: Assets/Dowloads/Vast Outer Space/Materials/Gas_Planet_D.mat
  artifactKey: Guid(3818510e02d7b90408301ebdd3f28488) Importer(815301076,1909f56bfc062723c751e8b465ee728b)
Start importing Assets/Dowloads/Vast Outer Space/Materials/Gas_Planet_D.mat using Guid(3818510e02d7b90408301ebdd3f28488) Importer(815301076,1909f56bfc062723c751e8b465ee728b)  -> (artifact id: 'ed6b2b4a927e1934e70013c60a521eec') in 0.015156 seconds
  Import took 0.019670 seconds .

========================================================================
Received Import Request.
  Time since last request: 0.000274 seconds.
  path: Assets/Dowloads/Vast Outer Space/Materials/Planet_C.mat
  artifactKey: Guid(227fe757800b19d4ba54a32c02b0ad92) Importer(815301076,1909f56bfc062723c751e8b465ee728b)
Start importing Assets/Dowloads/Vast Outer Space/Materials/Planet_C.mat using Guid(227fe757800b19d4ba54a32c02b0ad92) Importer(815301076,1909f56bfc062723c751e8b465ee728b)  -> (artifact id: '8b17134cf33d4f1b42ad15f650ea929d') in 0.022514 seconds
  Import took 0.027143 seconds .

========================================================================
Received Import Request.
  Time since last request: 0.000268 seconds.
  path: Assets/Dowloads/Vast Outer Space/Materials/Planet_D.mat
  artifactKey: Guid(3a95eb3253c908646bec6a4d8b0e49d5) Importer(815301076,1909f56bfc062723c751e8b465ee728b)
Start importing Assets/Dowloads/Vast Outer Space/Materials/Planet_D.mat using Guid(3a95eb3253c908646bec6a4d8b0e49d5) Importer(815301076,1909f56bfc062723c751e8b465ee728b)  -> (artifact id: 'f9dce9edb58228463885b36e8dec16db') in 0.024792 seconds
  Import took 0.029726 seconds .

========================================================================
Received Import Request.
  Time since last request: 0.000290 seconds.
  path: Assets/Dowloads/Vast Outer Space/Materials/Gas_Planet_K.mat
  artifactKey: Guid(35d9c680ffb36694d84cb0ec28a51716) Importer(815301076,1909f56bfc062723c751e8b465ee728b)
Start importing Assets/Dowloads/Vast Outer Space/Materials/Gas_Planet_K.mat using Guid(35d9c680ffb36694d84cb0ec28a51716) Importer(815301076,1909f56bfc062723c751e8b465ee728b)  -> (artifact id: 'cfa16ed18a3b3f5f89dc5f7cee762adc') in 0.023153 seconds
  Import took 0.027701 seconds .

========================================================================
Received Import Request.
  Time since last request: 0.000238 seconds.
  path: Assets/Dowloads/Vast Outer Space/Materials/Gas_Planet_B.mat
  artifactKey: Guid(96187335e0cb98c44aac67a04bb39e15) Importer(815301076,1909f56bfc062723c751e8b465ee728b)
Start importing Assets/Dowloads/Vast Outer Space/Materials/Gas_Planet_B.mat using Guid(96187335e0cb98c44aac67a04bb39e15) Importer(815301076,1909f56bfc062723c751e8b465ee728b)  -> (artifact id: '527bb7f34a85546f68ee0b58efab5a19') in 0.025463 seconds
  Import took 0.029837 seconds .

========================================================================
Received Import Request.
  Time since last request: 0.000271 seconds.
  path: Assets/Dowloads/Vast Outer Space/Materials/Asteroid_B.mat
  artifactKey: Guid(78fa8c6cf8494a8458e481f9665233b4) Importer(815301076,1909f56bfc062723c751e8b465ee728b)
Start importing Assets/Dowloads/Vast Outer Space/Materials/Asteroid_B.mat using Guid(78fa8c6cf8494a8458e481f9665233b4) Importer(815301076,1909f56bfc062723c751e8b465ee728b)  -> (artifact id: '72e838df6fbb2aec3ed6290726b82132') in 0.025140 seconds
  Import took 0.029702 seconds .

========================================================================
Received Import Request.
  Time since last request: 0.000285 seconds.
  path: Assets/Dowloads/Vast Outer Space/Materials/Asteroid_E.mat
  artifactKey: Guid(faf502faf7e5c414d89caa4b6b589720) Importer(815301076,1909f56bfc062723c751e8b465ee728b)
Start importing Assets/Dowloads/Vast Outer Space/Materials/Asteroid_E.mat using Guid(faf502faf7e5c414d89caa4b6b589720) Importer(815301076,1909f56bfc062723c751e8b465ee728b)  -> (artifact id: '48038551918dbbe670af1a67c94eb6fa') in 0.019001 seconds
  Import took 0.023502 seconds .

========================================================================
Received Import Request.
  Time since last request: 0.000237 seconds.
  path: Assets/Dowloads/Vast Outer Space/Materials/Asteroid_D.mat
  artifactKey: Guid(535a9a8f731dfd544b3bfd12756e002f) Importer(815301076,1909f56bfc062723c751e8b465ee728b)
Start importing Assets/Dowloads/Vast Outer Space/Materials/Asteroid_D.mat using Guid(535a9a8f731dfd544b3bfd12756e002f) Importer(815301076,1909f56bfc062723c751e8b465ee728b)  -> (artifact id: '965ed17dd2b7e19323982c4f580f1983') in 0.026104 seconds
  Import took 0.030928 seconds .

========================================================================
Received Import Request.
  Time since last request: 0.000292 seconds.
  path: Assets/Dowloads/Vast Outer Space/Materials/Nebula_AB.mat
  artifactKey: Guid(a9ea00f1dc5c3174b8bdac84d6295f4c) Importer(815301076,1909f56bfc062723c751e8b465ee728b)
Start importing Assets/Dowloads/Vast Outer Space/Materials/Nebula_AB.mat using Guid(a9ea00f1dc5c3174b8bdac84d6295f4c) Importer(815301076,1909f56bfc062723c751e8b465ee728b)  -> (artifact id: '330a423c88b6ff7c86b4ae01496a49fa') in 0.030774 seconds
  Import took 0.035394 seconds .

========================================================================
Received Import Request.
  Time since last request: 0.000266 seconds.
  path: Assets/Dowloads/Vast Outer Space/Materials/Galaxy_E.mat
  artifactKey: Guid(55af22e36a4cd824dacf3a882b653efc) Importer(815301076,1909f56bfc062723c751e8b465ee728b)
Start importing Assets/Dowloads/Vast Outer Space/Materials/Galaxy_E.mat using Guid(55af22e36a4cd824dacf3a882b653efc) Importer(815301076,1909f56bfc062723c751e8b465ee728b)  -> (artifact id: 'bc36d6447bc2ab598e9d40d039abe2bf') in 0.029270 seconds
  Import took 0.035336 seconds .

========================================================================
Received Import Request.
  Time since last request: 0.000255 seconds.
  path: Assets/Dowloads/Vast Outer Space/Materials/Gas_Planet_I.mat
  artifactKey: Guid(7642c98d15b07b045ba1a8bdfe5cff5f) Importer(815301076,1909f56bfc062723c751e8b465ee728b)
Start importing Assets/Dowloads/Vast Outer Space/Materials/Gas_Planet_I.mat using Guid(7642c98d15b07b045ba1a8bdfe5cff5f) Importer(815301076,1909f56bfc062723c751e8b465ee728b)  -> (artifact id: 'c43bc53f696d0c80d22511e20d76b910') in 0.024765 seconds
  Import took 0.029240 seconds .

========================================================================
Received Import Request.
  Time since last request: 0.000289 seconds.
  path: Assets/Dowloads/Vast Outer Space/Materials/Gas_Planet_E.mat
  artifactKey: Guid(da6784313816aa243b35deb687910787) Importer(815301076,1909f56bfc062723c751e8b465ee728b)
Start importing Assets/Dowloads/Vast Outer Space/Materials/Gas_Planet_E.mat using Guid(da6784313816aa243b35deb687910787) Importer(815301076,1909f56bfc062723c751e8b465ee728b)  -> (artifact id: '262627452a70834a8003318df57e4bd0') in 0.018777 seconds
  Import took 0.023417 seconds .

========================================================================
Received Import Request.
  Time since last request: 0.941484 seconds.
  path: Assets/Dowloads/Textures&Mats/Skybox_3/Purple_1K_Resolution.mat
  artifactKey: Guid(697dcc1a69e1a2c4ea5db483875ede85) Importer(815301076,1909f56bfc062723c751e8b465ee728b)
Start importing Assets/Dowloads/Textures&Mats/Skybox_3/Purple_1K_Resolution.mat using Guid(697dcc1a69e1a2c4ea5db483875ede85) Importer(815301076,1909f56bfc062723c751e8b465ee728b)  -> (artifact id: '7e98ee4aebbff8c5996d1903a4c547d3') in 0.031320 seconds
  Import took 0.036225 seconds .

========================================================================
Received Import Request.
  Time since last request: 0.000283 seconds.
  path: Assets/Dowloads/Vast Outer Space/Materials/Sun.mat
  artifactKey: Guid(7e8139552baf796498fde26cbcec5419) Importer(815301076,1909f56bfc062723c751e8b465ee728b)
Start importing Assets/Dowloads/Vast Outer Space/Materials/Sun.mat using Guid(7e8139552baf796498fde26cbcec5419) Importer(815301076,1909f56bfc062723c751e8b465ee728b)  -> (artifact id: 'e1ed6cc1213f706da2b7862516ee1a64') in 0.021871 seconds
  Import took 0.026079 seconds .

========================================================================
Received Import Request.
  Time since last request: 0.000246 seconds.
  path: Assets/Dowloads/Vast Outer Space/Materials/Sun_Flames.mat
  artifactKey: Guid(1f6c57bda745ad54eadfe28915d8dfdb) Importer(815301076,1909f56bfc062723c751e8b465ee728b)
Start importing Assets/Dowloads/Vast Outer Space/Materials/Sun_Flames.mat using Guid(1f6c57bda745ad54eadfe28915d8dfdb) Importer(815301076,1909f56bfc062723c751e8b465ee728b)  -> (artifact id: 'd04ea129324a3f9e842fbc411333cc7f') in 0.030144 seconds
  Import took 0.034663 seconds .

========================================================================
Received Import Request.
  Time since last request: 0.000293 seconds.
  path: Assets/Dowloads/Vast Outer Space/Materials/Star_Purple.mat
  artifactKey: Guid(24369dfdc0ca41b4d94b35d0f163de32) Importer(815301076,1909f56bfc062723c751e8b465ee728b)
Start importing Assets/Dowloads/Vast Outer Space/Materials/Star_Purple.mat using Guid(24369dfdc0ca41b4d94b35d0f163de32) Importer(815301076,1909f56bfc062723c751e8b465ee728b)  -> (artifact id: '5939a099135cdcd4b3ac558f03b671a7') in 0.031957 seconds
  Import took 0.036661 seconds .

========================================================================
Received Import Request.
  Time since last request: 0.000233 seconds.
  path: Assets/Dowloads/Textures&Mats/Skybox_3/Purple_2K_Resolution.mat
  artifactKey: Guid(246d4b1ad4a63004d8fcf3949494e5b3) Importer(815301076,1909f56bfc062723c751e8b465ee728b)
Start importing Assets/Dowloads/Textures&Mats/Skybox_3/Purple_2K_Resolution.mat using Guid(246d4b1ad4a63004d8fcf3949494e5b3) Importer(815301076,1909f56bfc062723c751e8b465ee728b)  -> (artifact id: 'adb5c83f51299598c398a93767f8d9bd') in 0.047291 seconds
  Import took 0.052076 seconds .

========================================================================
Received Import Request.
  Time since last request: 0.000319 seconds.
  path: Assets/Dowloads/Textures&Mats/Skybox_3/Purple_4K_Resolution.mat
  artifactKey: Guid(95ebf50189f880e4aa17c4fdba9007aa) Importer(815301076,1909f56bfc062723c751e8b465ee728b)
Start importing Assets/Dowloads/Textures&Mats/Skybox_3/Purple_4K_Resolution.mat using Guid(95ebf50189f880e4aa17c4fdba9007aa) Importer(815301076,1909f56bfc062723c751e8b465ee728b)  -> (artifact id: 'f5a5374cffbce53d824b44bc64bae7bd') in 0.047312 seconds
  Import took 0.052753 seconds .

========================================================================
Received Import Request.
  Time since last request: 0.000300 seconds.
  path: Assets/Dowloads/Vast Outer Space/Materials/Star_Light_Blue.mat
  artifactKey: Guid(42addd1b32355f94faec6b525df89616) Importer(815301076,1909f56bfc062723c751e8b465ee728b)
Start importing Assets/Dowloads/Vast Outer Space/Materials/Star_Light_Blue.mat using Guid(42addd1b32355f94faec6b525df89616) Importer(815301076,1909f56bfc062723c751e8b465ee728b)  -> (artifact id: '59d598b7b86dfb35da620facb076dfa1') in 0.029789 seconds
  Import took 0.034530 seconds .

========================================================================
Received Import Request.
  Time since last request: 0.000308 seconds.
  path: Assets/Dowloads/Vast Outer Space/Materials/Star_Dark_Blue.mat
  artifactKey: Guid(0090392960c4a5f4b863690f512832c8) Importer(815301076,1909f56bfc062723c751e8b465ee728b)
Start importing Assets/Dowloads/Vast Outer Space/Materials/Star_Dark_Blue.mat using Guid(0090392960c4a5f4b863690f512832c8) Importer(815301076,1909f56bfc062723c751e8b465ee728b)  -> (artifact id: '116e170ea197ccbe58d504a49979cc19') in 0.031735 seconds
  Import took 0.036909 seconds .

========================================================================
Received Import Request.
  Time since last request: 0.000317 seconds.
  path: Assets/Dowloads/Vast Outer Space/Materials/Star_Turquoise.mat
  artifactKey: Guid(c4dc2730d56ba6f4886055284a64ffe5) Importer(815301076,1909f56bfc062723c751e8b465ee728b)
Start importing Assets/Dowloads/Vast Outer Space/Materials/Star_Turquoise.mat using Guid(c4dc2730d56ba6f4886055284a64ffe5) Importer(815301076,1909f56bfc062723c751e8b465ee728b)  -> (artifact id: '3ff9cfc17180ba5bf418ebabe9b6e787') in 0.029504 seconds
  Import took 0.034445 seconds .

========================================================================
Received Import Request.
  Time since last request: 133.654927 seconds.
  path: Assets/Image/attention.PNG
  artifactKey: Guid(5d39914e44a8e79498791051dfd7804b) Importer(815301076,1909f56bfc062723c751e8b465ee728b)
Start importing Assets/Image/attention.PNG using Guid(5d39914e44a8e79498791051dfd7804b) Importer(815301076,1909f56bfc062723c751e8b465ee728b)  -> (artifact id: 'e0fb52b5688e72309385d28a11add9e2') in 0.013418 seconds
  Import took 0.018876 seconds .

========================================================================
Received Import Request.
  Time since last request: 130.920727 seconds.
  path: Assets/Image/attention.PNG
  artifactKey: Guid(5d39914e44a8e79498791051dfd7804b) Importer(815301076,1909f56bfc062723c751e8b465ee728b)
Start importing Assets/Image/attention.PNG using Guid(5d39914e44a8e79498791051dfd7804b) Importer(815301076,1909f56bfc062723c751e8b465ee728b)  -> (artifact id: '36b199dc8c42474803c85c790796d782') in 0.011697 seconds
  Import took 0.016483 seconds .

========================================================================
Received Import Request.
  Time since last request: 0.007362 seconds.
  path: Assets/Image/attention.PNG
  artifactKey: Guid(5d39914e44a8e79498791051dfd7804b) Importer(815301076,1909f56bfc062723c751e8b465ee728b)
Start importing Assets/Image/attention.PNG using Guid(5d39914e44a8e79498791051dfd7804b) Importer(815301076,1909f56bfc062723c751e8b465ee728b)  -> (artifact id: '36b199dc8c42474803c85c790796d782') in 0.007504 seconds
  Import took 0.012341 seconds .

========================================================================
Received Prepare
Registering precompiled user dll's ...
Registered in 0.004042 seconds.
Begin MonoManager ReloadAssembly
Native extension for WindowsStandalone target not found
Refreshing native plugins compatible for Editor in 0.84 ms, found 2 plugins.
Preloading 0 native plugins for Editor in 0.00 ms.
Mono: successfully reloaded assembly
- Completed reload, in  1.162 seconds
Platform modules already initialized, skipping
Shader 'Universal Render Pipeline/Particles/Lit': fallback shader 'Universal Render Pipeline/Particles/SimpleLit' not found
Refreshing native plugins compatible for Editor in 0.52 ms, found 2 plugins.
Preloading 0 native plugins for Editor in 0.00 ms.
Unloading 2601 Unused Serialized files (Serialized files now loaded: 0)
System memory in use before: 123.0 MB.
System memory in use after: 123.3 MB.

Unloading 14 unused Assets to reduce memory usage. Loaded Objects now: 3251.
Total: 2.751600 ms (FindLiveObjects: 0.282100 ms CreateObjectMapping: 0.137000 ms MarkObjects: 2.306800 ms  DeleteObjects: 0.024500 ms)

========================================================================
Received Prepare
Registering precompiled user dll's ...
Registered in 0.004602 seconds.
Begin MonoManager ReloadAssembly
Native extension for WindowsStandalone target not found
Refreshing native plugins compatible for Editor in 0.51 ms, found 2 plugins.
Preloading 0 native plugins for Editor in 0.00 ms.
Mono: successfully reloaded assembly
- Completed reload, in  1.062 seconds
Platform modules already initialized, skipping
Shader 'Universal Render Pipeline/Particles/Lit': fallback shader 'Universal Render Pipeline/Particles/SimpleLit' not found
Refreshing native plugins compatible for Editor in 0.52 ms, found 2 plugins.
Preloading 0 native plugins for Editor in 0.00 ms.
Unloading 2601 Unused Serialized files (Serialized files now loaded: 0)
System memory in use before: 123.2 MB.
System memory in use after: 123.4 MB.

Unloading 14 unused Assets to reduce memory usage. Loaded Objects now: 3254.
Total: 2.469500 ms (FindLiveObjects: 0.266100 ms CreateObjectMapping: 0.119500 ms MarkObjects: 2.063500 ms  DeleteObjects: 0.019700 ms)

========================================================================
Received Import Request.
  Time since last request: 590.168876 seconds.
  path: Assets/Dowloads/Textures&Mats/Skybox_3/Textures
  artifactKey: Guid(9234250fc17e9ee4aaf2c63b8e32f4f1) Importer(815301076,1909f56bfc062723c751e8b465ee728b)
Start importing Assets/Dowloads/Textures&Mats/Skybox_3/Textures using Guid(9234250fc17e9ee4aaf2c63b8e32f4f1) Importer(815301076,1909f56bfc062723c751e8b465ee728b)  -> (artifact id: '2b496452e102a43dd4336bd00000f09c') in 0.012246 seconds
  Import took 0.017554 seconds .

========================================================================
Received Import Request.
  Time since last request: 0.890432 seconds.
  path: Assets/Dowloads/Textures&Mats/Skybox_3/Textures/1K_Resolution
  artifactKey: Guid(4a9d5d576ee1eb14790fc2ef95202df1) Importer(815301076,1909f56bfc062723c751e8b465ee728b)
Start importing Assets/Dowloads/Textures&Mats/Skybox_3/Textures/1K_Resolution using Guid(4a9d5d576ee1eb14790fc2ef95202df1) Importer(815301076,1909f56bfc062723c751e8b465ee728b)  -> (artifact id: '005d52428731ea6a91b0b1396f4f79ef') in 0.007779 seconds
  Import took 0.014372 seconds .

========================================================================
Received Import Request.
  Time since last request: 0.042183 seconds.
  path: Assets/Dowloads/Textures&Mats/Skybox_3/Textures/1K_Resolution/Back_1K_TEX.png
  artifactKey: Guid(96c199bf2da6633479ea4536ce66bec2) Importer(815301076,1909f56bfc062723c751e8b465ee728b)
Start importing Assets/Dowloads/Textures&Mats/Skybox_3/Textures/1K_Resolution/Back_1K_TEX.png using Guid(96c199bf2da6633479ea4536ce66bec2) Importer(815301076,1909f56bfc062723c751e8b465ee728b)  -> (artifact id: '1053e5aa26671e8fc42e091c568ce911') in 0.047335 seconds
  Import took 0.053679 seconds .

========================================================================
Received Import Request.
  Time since last request: 0.000304 seconds.
  path: Assets/Dowloads/Textures&Mats/Skybox_3/Textures/1K_Resolution/Left_1K_TEX.png
  artifactKey: Guid(c7cf8f63aa26f9c439bf607be6b4fe8d) Importer(815301076,1909f56bfc062723c751e8b465ee728b)
Start importing Assets/Dowloads/Textures&Mats/Skybox_3/Textures/1K_Resolution/Left_1K_TEX.png using Guid(c7cf8f63aa26f9c439bf607be6b4fe8d) Importer(815301076,1909f56bfc062723c751e8b465ee728b)  -> (artifact id: '9555d0e7f9178ef43fae3070aaf37967') in 0.013223 seconds
  Import took 0.017732 seconds .

========================================================================
Received Import Request.
  Time since last request: 0.000250 seconds.
  path: Assets/Dowloads/Textures&Mats/Skybox_3/Textures/1K_Resolution/Down_1K_TEX.png
  artifactKey: Guid(f1285d1399d96f0438d3759ba234d28e) Importer(815301076,1909f56bfc062723c751e8b465ee728b)
Start importing Assets/Dowloads/Textures&Mats/Skybox_3/Textures/1K_Resolution/Down_1K_TEX.png using Guid(f1285d1399d96f0438d3759ba234d28e) Importer(815301076,1909f56bfc062723c751e8b465ee728b)  -> (artifact id: '3556b9e82bc2e68ed71e1bbdc91993a5') in 0.019236 seconds
  Import took 0.024153 seconds .

========================================================================
Received Import Request.
  Time since last request: 0.000317 seconds.
  path: Assets/Dowloads/Textures&Mats/Skybox_3/Textures/1K_Resolution/Up_1K_TEX.png
  artifactKey: Guid(074265280bfab4949b132a5dd423d9cb) Importer(815301076,1909f56bfc062723c751e8b465ee728b)
Start importing Assets/Dowloads/Textures&Mats/Skybox_3/Textures/1K_Resolution/Up_1K_TEX.png using Guid(074265280bfab4949b132a5dd423d9cb) Importer(815301076,1909f56bfc062723c751e8b465ee728b)  -> (artifact id: '104c5e3301ab2b0b1eb24d00e38ceb2a') in 0.017004 seconds
  Import took 0.022421 seconds .

========================================================================
Received Import Request.
  Time since last request: 0.000306 seconds.
  path: Assets/Dowloads/Textures&Mats/Skybox_3/Textures/1K_Resolution/Front_1K_TEX.png
  artifactKey: Guid(c3636285da6b4344d91ff89fd556670a) Importer(815301076,1909f56bfc062723c751e8b465ee728b)
Start importing Assets/Dowloads/Textures&Mats/Skybox_3/Textures/1K_Resolution/Front_1K_TEX.png using Guid(c3636285da6b4344d91ff89fd556670a) Importer(815301076,1909f56bfc062723c751e8b465ee728b)  -> (artifact id: '496d09c40b7575ee259562c99f03540e') in 0.014884 seconds
  Import took 0.021872 seconds .

========================================================================
Received Import Request.
  Time since last request: 0.000366 seconds.
  path: Assets/Dowloads/Textures&Mats/Skybox_3/Textures/1K_Resolution/Right_1K_TEX.png
  artifactKey: Guid(46f657b61a981d747b79847775b24900) Importer(815301076,1909f56bfc062723c751e8b465ee728b)
Start importing Assets/Dowloads/Textures&Mats/Skybox_3/Textures/1K_Resolution/Right_1K_TEX.png using Guid(46f657b61a981d747b79847775b24900) Importer(815301076,1909f56bfc062723c751e8b465ee728b)  -> (artifact id: '9510fc0702908db91cd125dbbc88b17a') in 0.013139 seconds
  Import took 0.018777 seconds .

========================================================================
Received Import Request.
  Time since last request: 4.180094 seconds.
  path: Assets/Dowloads/Textures&Mats/Skybox_2/Textures
  artifactKey: Guid(62315499e7bf73d4ca2e0334daa77789) Importer(815301076,1909f56bfc062723c751e8b465ee728b)
Start importing Assets/Dowloads/Textures&Mats/Skybox_2/Textures using Guid(62315499e7bf73d4ca2e0334daa77789) Importer(815301076,1909f56bfc062723c751e8b465ee728b)  -> (artifact id: 'd3fc0cf807916d635e9c22e739336625') in 0.007548 seconds
  Import took 0.021856 seconds .

========================================================================
Received Import Request.
  Time since last request: 0.740732 seconds.
  path: Assets/Dowloads/Textures&Mats/Skybox_2/Textures/1K_Resolution
  artifactKey: Guid(bf8eed9c0fb60c14ca520b4a95f714a7) Importer(815301076,1909f56bfc062723c751e8b465ee728b)
Start importing Assets/Dowloads/Textures&Mats/Skybox_2/Textures/1K_Resolution using Guid(bf8eed9c0fb60c14ca520b4a95f714a7) Importer(815301076,1909f56bfc062723c751e8b465ee728b)  -> (artifact id: '99e2fd933192f801ca52006a8f0024e9') in 0.008580 seconds
  Import took 0.022777 seconds .

========================================================================
Received Import Request.
  Time since last request: 0.048316 seconds.
  path: Assets/Dowloads/Textures&Mats/Skybox_2/Textures/1K_Resolution/Back_1K_TEX.png
  artifactKey: Guid(7f70ef9b5ccc29d499ca59165e47fb77) Importer(815301076,1909f56bfc062723c751e8b465ee728b)
Start importing Assets/Dowloads/Textures&Mats/Skybox_2/Textures/1K_Resolution/Back_1K_TEX.png using Guid(7f70ef9b5ccc29d499ca59165e47fb77) Importer(815301076,1909f56bfc062723c751e8b465ee728b)  -> (artifact id: 'd0289c3c2f1782180c2b531266508913') in 0.018914 seconds
  Import took 0.025870 seconds .

========================================================================
Received Import Request.
  Time since last request: 0.000381 seconds.
  path: Assets/Dowloads/Textures&Mats/Skybox_2/Textures/1K_Resolution/Down_1K_TEX.png
  artifactKey: Guid(f2df341f63f55624dad25163e8c063ac) Importer(815301076,1909f56bfc062723c751e8b465ee728b)
Start importing Assets/Dowloads/Textures&Mats/Skybox_2/Textures/1K_Resolution/Down_1K_TEX.png using Guid(f2df341f63f55624dad25163e8c063ac) Importer(815301076,1909f56bfc062723c751e8b465ee728b)  -> (artifact id: 'a56a4ff724fc670d1d91b248d81653cd') in 0.014082 seconds
  Import took 0.019761 seconds .

========================================================================
Received Import Request.
  Time since last request: 0.000316 seconds.
  path: Assets/Dowloads/Textures&Mats/Skybox_2/Textures/1K_Resolution/Up_1K_TEX.png
  artifactKey: Guid(de08a4479f1bab54f83be26de404f384) Importer(815301076,1909f56bfc062723c751e8b465ee728b)
Start importing Assets/Dowloads/Textures&Mats/Skybox_2/Textures/1K_Resolution/Up_1K_TEX.png using Guid(de08a4479f1bab54f83be26de404f384) Importer(815301076,1909f56bfc062723c751e8b465ee728b)  -> (artifact id: '567fa31d23d36e9db16c6371bb6e0b32') in 0.014360 seconds
  Import took 0.019082 seconds .

========================================================================
Received Import Request.
  Time since last request: 0.000344 seconds.
  path: Assets/Dowloads/Textures&Mats/Skybox_2/Textures/1K_Resolution/Right_1K_TEX.png
  artifactKey: Guid(35535e5f5785f7e4c8a49bc17d76554e) Importer(815301076,1909f56bfc062723c751e8b465ee728b)
Start importing Assets/Dowloads/Textures&Mats/Skybox_2/Textures/1K_Resolution/Right_1K_TEX.png using Guid(35535e5f5785f7e4c8a49bc17d76554e) Importer(815301076,1909f56bfc062723c751e8b465ee728b)  -> (artifact id: 'b9ccd449286f0eb236d5157071b9f657') in 0.014886 seconds
  Import took 0.019367 seconds .

========================================================================
Received Import Request.
  Time since last request: 0.000389 seconds.
  path: Assets/Dowloads/Textures&Mats/Skybox_2/Textures/1K_Resolution/Left_1K_TEX.png
  artifactKey: Guid(d993ced003ce4db428db820c5408c06c) Importer(815301076,1909f56bfc062723c751e8b465ee728b)
Start importing Assets/Dowloads/Textures&Mats/Skybox_2/Textures/1K_Resolution/Left_1K_TEX.png using Guid(d993ced003ce4db428db820c5408c06c) Importer(815301076,1909f56bfc062723c751e8b465ee728b)  -> (artifact id: 'be1f212303eb2f0a994a4f3d9adbd6fb') in 0.014827 seconds
  Import took 0.020024 seconds .

========================================================================
Received Import Request.
  Time since last request: 0.000295 seconds.
  path: Assets/Dowloads/Textures&Mats/Skybox_2/Textures/1K_Resolution/Front_1K_TEX.png
  artifactKey: Guid(186352de5993ec44c850bc5286ebcc36) Importer(815301076,1909f56bfc062723c751e8b465ee728b)
Start importing Assets/Dowloads/Textures&Mats/Skybox_2/Textures/1K_Resolution/Front_1K_TEX.png using Guid(186352de5993ec44c850bc5286ebcc36) Importer(815301076,1909f56bfc062723c751e8b465ee728b)  -> (artifact id: '30af6df3444a69738ce3d70030c5ae33') in 0.017299 seconds
  Import took 0.022159 seconds .

========================================================================
Received Prepare
Registering precompiled user dll's ...
Registered in 0.004492 seconds.
Begin MonoManager ReloadAssembly
Native extension for WindowsStandalone target not found
Refreshing native plugins compatible for Editor in 0.51 ms, found 2 plugins.
Preloading 0 native plugins for Editor in 0.00 ms.
Mono: successfully reloaded assembly
- Completed reload, in  1.078 seconds
Platform modules already initialized, skipping
Shader 'Universal Render Pipeline/Particles/Lit': fallback shader 'Universal Render Pipeline/Particles/SimpleLit' not found
Refreshing native plugins compatible for Editor in 0.51 ms, found 2 plugins.
Preloading 0 native plugins for Editor in 0.00 ms.
Unloading 2601 Unused Serialized files (Serialized files now loaded: 0)
System memory in use before: 123.2 MB.
System memory in use after: 123.4 MB.

Unloading 14 unused Assets to reduce memory usage. Loaded Objects now: 3257.
Total: 2.620600 ms (FindLiveObjects: 0.270500 ms CreateObjectMapping: 0.126200 ms MarkObjects: 2.205900 ms  DeleteObjects: 0.017200 ms)

AssetImportWorkerClient::OnTransportError - code=2 error=End of file
